10-27 14:35 INFO     cuda:0
10-27 14:35 INFO     ####################################################################################################
10-27 14:35 INFO     Partitioning data
10-27 14:35 INFO     Data statistics: {0: {0: 15, 1: 64, 5: 16, 8: 177, 9: 81, 10: 11, 12: 43, 13: 102, 16: 1, 17: 128, 20: 20, 22: 74, 23: 62, 25: 19, 27: 113, 28: 4, 29: 59, 32: 36, 33: 30, 37: 6, 39: 40, 40: 122, 41: 25, 44: 25, 47: 2, 48: 23, 49: 3, 51: 38, 52: 137, 53: 27, 54: 42, 56: 22, 57: 39, 58: 46, 59: 34, 61: 47, 62: 6, 67: 11, 68: 33, 69: 65, 70: 21, 71: 11, 73: 35, 76: 30, 78: 50, 81: 36, 82: 163, 83: 142, 85: 18, 86: 154, 87: 148, 89: 47, 90: 28, 91: 85, 92: 15, 93: 173, 94: 15, 96: 118}, 1: {0: 214, 1: 34, 5: 69, 8: 12, 9: 55, 10: 35, 12: 88, 13: 18, 16: 201, 17: 56, 20: 5, 22: 13, 23: 112, 25: 23, 27: 12, 28: 84, 32: 9, 33: 31, 37: 48, 39: 56, 40: 96, 41: 31, 44: 10, 47: 68, 48: 147, 49: 80, 51: 25, 52: 61, 53: 19, 54: 10, 56: 112, 57: 268, 58: 83, 59: 23, 60: 35, 61: 98, 62: 2, 67: 45, 68: 117, 69: 32, 70: 89, 71: 37, 73: 124, 76: 12, 78: 78, 81: 5, 82: 20, 83: 51, 84: 60, 85: 97, 86: 24, 87: 12, 89: 18, 90: 37, 91: 71, 92: 94, 93: 150, 94: 330}, 2: {0: 13, 1: 35, 5: 79, 8: 1, 9: 49, 10: 5, 12: 59, 13: 46, 16: 13, 17: 18, 20: 83, 22: 55, 23: 125, 25: 109, 27: 8, 28: 37, 29: 171, 32: 54, 33: 137, 37: 55, 39: 96, 40: 44, 41: 108, 44: 2, 47: 268, 48: 35, 49: 58, 51: 199, 52: 150, 53: 187, 54: 38, 56: 24, 57: 1, 58: 10, 59: 11, 60: 197, 61: 18, 62: 104, 67: 15, 68: 2, 69: 38, 70: 1, 71: 53, 73: 106, 76: 14, 78: 4, 81: 30, 82: 20, 83: 85, 84: 14, 85: 10, 86: 4, 89: 109, 90: 274, 91: 95, 92: 24}, 3: {0: 5, 1: 109, 5: 128, 8: 23, 9: 173, 10: 77, 12: 113, 13: 145, 16: 122, 17: 15, 20: 16, 22: 24, 23: 43, 25: 112, 27: 58, 28: 11, 29: 9, 32: 11, 33: 3, 37: 179, 39: 75, 40: 6, 41: 24, 44: 13, 47: 23, 48: 33, 49: 60, 51: 25, 52: 22, 53: 32, 54: 74, 56: 7, 57: 26, 58: 102, 59: 171, 60: 157, 61: 9, 62: 59, 67: 185, 68: 73, 69: 28, 70: 24, 71: 17, 73: 85, 76: 114, 78: 137, 81: 236, 82: 5, 83: 29, 84: 26, 85: 15, 86: 24, 87: 142, 89: 13, 90: 61, 91: 169}, 4: {0: 133, 1: 28, 5: 3, 8: 34, 9: 2, 10: 202, 12: 90, 13: 34, 16: 28, 17: 10, 20: 148, 22: 7, 23: 62, 25: 33, 27: 82, 28: 289, 29: 69, 32: 53, 33: 72, 37: 20, 39: 78, 40: 8, 41: 44, 44: 123, 47: 39, 48: 9, 49: 90, 51: 88, 52: 69, 53: 112, 54: 59, 56: 150, 57: 65, 58: 48, 59: 49, 60: 33, 61: 38, 62: 4, 67: 6, 68: 2, 69: 54, 70: 33, 71: 27, 73: 109, 76: 306, 78: 86, 81: 9, 82: 22, 83: 41, 84: 42, 85: 16, 86: 6, 87: 17, 89: 72, 90: 4, 91: 85, 92: 209}, 5: {0: 12, 1: 16, 5: 2, 8: 104, 9: 9, 10: 104, 12: 99, 13: 40, 16: 28, 17: 84, 20: 106, 22: 90, 25: 2, 27: 55, 28: 50, 29: 28, 32: 117, 33: 2, 37: 77, 39: 20, 40: 97, 41: 109, 44: 18, 47: 77, 48: 190, 49: 101, 51: 53, 52: 36, 53: 53, 54: 16, 56: 60, 57: 13, 58: 145, 59: 49, 60: 64, 61: 181, 62: 30, 67: 41, 68: 40, 69: 32, 70: 77, 71: 3, 73: 1, 76: 42, 78: 16, 81: 9, 82: 76, 83: 52, 84: 33, 85: 59, 86: 93, 87: 47, 89: 98, 90: 30, 91: 52, 92: 81, 93: 40, 94: 77, 96: 47}, 6: {0: 52, 1: 4, 5: 96, 8: 52, 9: 9, 10: 33, 12: 6, 13: 22, 16: 4, 17: 30, 20: 8, 22: 20, 23: 78, 25: 45, 27: 2, 28: 25, 29: 20, 32: 128, 33: 5, 37: 56, 39: 53, 40: 26, 41: 21, 44: 22, 47: 66, 48: 109, 49: 71, 51: 49, 52: 10, 53: 24, 54: 21, 56: 28, 57: 76, 59: 187, 60: 28, 61: 50, 62: 99, 67: 49, 68: 198, 69: 75, 70: 97, 71: 66, 73: 70, 76: 15, 78: 67, 81: 32, 82: 106, 83: 28, 84: 50, 85: 2, 86: 100, 87: 81, 89: 14, 90: 152, 91: 33, 92: 14, 93: 236, 94: 178, 96: 434}, 7: {0: 3, 1: 137, 5: 15, 8: 131, 9: 110, 10: 57, 12: 35, 13: 136, 16: 120, 17: 16, 20: 61, 22: 160, 23: 1, 25: 160, 27: 99, 28: 5, 29: 27, 32: 74, 33: 65, 37: 65, 39: 121, 40: 53, 41: 65, 44: 59, 47: 30, 48: 2, 49: 93, 51: 36, 52: 93, 53: 28, 54: 254, 56: 63, 57: 8, 58: 36, 59: 11, 60: 67, 61: 11, 62: 23, 67: 18, 68: 24, 69: 179, 70: 54, 71: 40, 73: 22, 76: 29, 78: 8, 81: 153, 82: 21, 83: 120, 84: 179, 85: 39, 86: 110, 87: 120}, 8: {0: 58, 1: 164, 5: 32, 8: 47, 9: 32, 10: 24, 12: 52, 13: 26, 16: 53, 17: 159, 20: 39, 22: 79, 23: 69, 25: 91, 27: 85, 28: 27, 29: 119, 32: 35, 33: 142, 37: 26, 39: 11, 40: 20, 41: 121, 44: 79, 47: 14, 48: 7, 49: 9, 51: 2, 52: 20, 53: 105, 54: 19, 56: 123, 57: 37, 58: 7, 59: 38, 60: 6, 61: 98, 62: 203, 67: 74, 68: 73, 69: 25, 70: 44, 71: 219, 73: 34, 76: 16, 78: 105, 81: 82, 82: 52, 83: 6, 84: 77, 85: 243, 86: 1, 87: 23, 89: 167, 90: 13, 91: 9, 92: 162}, 9: {0: 95, 1: 9, 5: 160, 8: 19, 9: 80, 10: 52, 12: 15, 13: 31, 16: 30, 17: 84, 20: 114, 22: 78, 23: 48, 25: 6, 27: 86, 28: 68, 29: 98, 32: 83, 33: 113, 37: 68, 39: 50, 40: 128, 41: 52, 44: 249, 47: 13, 48: 45, 49: 35, 51: 85, 52: 2, 53: 13, 54: 67, 56: 11, 57: 67, 58: 123, 59: 27, 60: 13, 61: 50, 62: 70, 67: 156, 68: 38, 69: 72, 70: 160, 71: 127, 73: 14, 76: 22, 78: 49, 81: 8, 82: 115, 83: 46, 84: 119, 85: 101, 86: 84, 87: 10, 89: 62, 90: 1, 91: 1, 92: 1, 93: 1, 96: 1}}
10-27 14:35 INFO     Initializing nets
10-27 14:35 INFO     0.2669
10-27 14:35 INFO     >> Global 1 Model Test accuracy: 0.2669 Best Acc: 0.2669 
10-27 14:36 INFO     0.3100
10-27 14:36 INFO     >> Global 5 Model Test accuracy: 0.3100 Best Acc: 0.3100 
10-27 14:36 INFO     Meta-train_Accuracy: 0.0984
10-27 14:36 INFO     Meta-train_Accuracy: 0.0676
10-27 14:36 INFO     Meta-train_Accuracy: 0.0698
10-27 14:36 INFO     Meta-train_Accuracy: 0.0906
10-27 14:36 INFO     Meta-train_Accuracy: 0.0836
10-27 14:36 INFO     Meta-train_Accuracy: 0.0813
10-27 14:36 INFO     Meta-train_Accuracy: 0.0809
10-27 14:36 INFO     Meta-train_Accuracy: 0.0815
10-27 14:36 INFO     Meta-train_Accuracy: 0.0847
10-27 14:36 INFO     Meta-train_Accuracy: 0.0861
10-27 14:36 INFO     Meta-train_Accuracy: 0.1350
10-27 14:36 INFO     Meta-train_Accuracy: 0.0901
10-27 14:36 INFO     Meta-train_Accuracy: 0.0961
10-27 14:36 INFO     Meta-train_Accuracy: 0.1250
10-27 14:36 INFO     Meta-train_Accuracy: 0.0833
10-27 14:37 INFO     Meta-train_Accuracy: 0.0755
10-27 14:37 INFO     Meta-train_Accuracy: 0.0644
10-27 14:37 INFO     Meta-train_Accuracy: 0.0658
10-27 14:37 INFO     Meta-train_Accuracy: 0.0942
10-27 14:37 INFO     Meta-train_Accuracy: 0.1344
10-27 14:37 INFO     Meta-train_Accuracy: 0.0815
10-27 14:37 INFO     Meta-train_Accuracy: 0.1875
10-27 14:37 INFO     Meta-train_Accuracy: 0.0984
10-27 14:37 INFO     0.4000 | 0.4024 | 0.3652 | 0.3768 | 0.3932 | 0.4024 | 0.3960 | 0.3656 | 0.3956 | 0.4328
10-27 14:37 INFO     >> Current Round: 0
10-27 14:38 INFO     0.3310
10-27 14:38 INFO     >> Global 1 Model Test accuracy: 0.3310 Best Acc: 0.3310 
10-27 14:38 INFO     0.4046
10-27 14:38 INFO     >> Global 5 Model Test accuracy: 0.4046 Best Acc: 0.4046 
10-27 14:38 INFO     Meta-train_Accuracy: 0.0922
10-27 14:38 INFO     Meta-train_Accuracy: 0.1563
10-27 14:38 INFO     Meta-train_Accuracy: 0.0851
10-27 14:38 INFO     Meta-train_Accuracy: 0.0936
10-27 14:38 INFO     Meta-train_Accuracy: 0.1333
10-27 14:38 INFO     Meta-train_Accuracy: 0.0971
10-27 14:38 INFO     Meta-train_Accuracy: 0.1292
10-27 14:39 INFO     Meta-train_Accuracy: 0.0899
10-27 14:39 INFO     Meta-train_Accuracy: 0.0912
10-27 14:39 INFO     Meta-train_Accuracy: 0.0903
10-27 14:39 INFO     Meta-train_Accuracy: 0.0908
10-27 14:39 INFO     Meta-train_Accuracy: 0.0986
10-27 14:39 INFO     Meta-train_Accuracy: 0.0821
10-27 14:39 INFO     Meta-train_Accuracy: 0.1188
10-27 14:39 INFO     Meta-train_Accuracy: 0.0970
10-27 14:39 INFO     Meta-train_Accuracy: 0.0985
10-27 14:40 INFO     Meta-train_Accuracy: 0.0790
10-27 14:40 INFO     0.3944 | 0.3896 | 0.3812 | 0.3616 | 0.3792 | 0.3704 | 0.3988 | 0.3748 | 0.3844 | 0.3760
10-27 14:40 INFO     >> Current Round: 1
